Четверг 14 января 2021 23:17:06: Начинаем настройку программы.
Четверг 14 января 2021 23:17:06: Начинаем вводить имя пользователя.
Четверг 14 января 2021 23:17:21: Пользователь rapMoHuk ввел корректное значение имени пользователя 'Mizgireva_Kristina_Yar'.
Четверг 14 января 2021 23:17:21: Закончили вводить имя пользователя.
Четверг 14 января 2021 23:17:21: Начинаем вводить e-mail.
Четверг 14 января 2021 23:17:55: Пользователь rapMoHuk ввел корректное значение E-mail 'mizgireva_kristina_2000@gmail.us.com'.
Четверг 14 января 2021 23:17:55: Закончили вводить e-mail.
Четверг 14 января 2021 23:17:55: Начинаем вводить телефон.
Четверг 14 января 2021 23:18:10: Пользователь rapMoHuk ввел корректное значение телефона '+7-111-333-55-77'.
Четверг 14 января 2021 23:18:10: Закончили вводить телефон.
Введен каталог установки: /home/rapMoHuk/.pc
Все проверки прошли успешно. Введеный каталог установки '/home/rapMoHuk/.pc' соответствует требованиям.
Четверг 14 января 2021 23:18:42: Пользователь rapMoHuk ввел папку установки программы: /home/rapMoHuk/.pc
Четверг 14 января 2021 23:18:42: Пользователь rapMoHuk ввел папку с исполняемыми файлами: /home/rapMoHuk/.pc/bin
Введен каталог установки: /usr/etc/.pc
Введеный каталог установки: '/usr/etc/.pc' уже существует.
Пользователь rapMoHuk продолжил установку в существующий каталог.
Четверг 14 января 2021 23:19:09: Пользователь rapMoHuk ввел папку с сертификатом: /usr/etc/.pc
Четверг 14 января 2021 23:19:09: Пользователь rapMoHuk ввел папку с документами: /home/rapMoHuk/.pc/docs
Четверг 14 января 2021 23:19:09: Пользователь rapMoHuk ввел папку с временными файлами: /home/rapMoHuk/.pc/temp
Четверг 14 января 2021 23:19:09: Пользователь rapMoHuk ввел папку с файлами - хранилище результатов обработки: /home/rapMoHuk/.pc/output
Четверг 14 января 2021 23:19:22: Заканчиваем настройку программы.
