Понедельник 18 января 2021 22:16:18: Начинаем настройку конфигурации установки программы.
Понедельник 18 января 2021 22:16:18: Начинаем вводить имя пользователя.
Понедельник 18 января 2021 22:16:36: Пользователь rapMoHuk ввел корректное значение имени пользователя 'mym'.
Понедельник 18 января 2021 22:16:36: Закончили вводить имя пользователя.
Понедельник 18 января 2021 22:16:36: Начинаем вводить e-mail.
Понедельник 18 января 2021 22:16:44: Пользователь rapMoHuk ввел корректное значение e-mail 'mym@mail.us'.
Понедельник 18 января 2021 22:16:44: Закончили вводить e-mail.
Понедельник 18 января 2021 22:16:44: Начинаем вводить телефон.
Понедельник 18 января 2021 22:16:50: Пользователь rapMoHuk ввел корректное значение телефона '+7-999-999-99-99'.
Понедельник 18 января 2021 22:16:50: Закончили вводить телефон.
Понедельник 18 января 2021 22:16:53: Начинаем вводить имя каталога установки.
Понедельник 18 января 2021 22:17:25: Введен каталог установки: /home/temp_user/pc
Понедельник 18 января 2021 22:17:25: Начинаем проверку директории '/home/rapMoHuk/pc' на соответствие.
Понедельник 18 января 2021 22:17:25: Успешная проверка: '/home/rapMoHuk/pc' - это не существующая директория.
Понедельник 18 января 2021 22:17:25: Заканчиваем проверку директории '/home/rapMoHuk/pc' на соответствие.
Понедельник 18 января 2021 22:17:25: Начинаем проверку файла '/home/rapMoHuk/pc' на соответствие.
Понедельник 18 января 2021 22:17:25: Успешная проверка: '/home/rapMoHuk/pc' - это не существующий файл.
Понедельник 18 января 2021 22:17:25: Заканчиваем проверку файла '/home/rapMoHuk/pc' на соответствие.
Понедельник 18 января 2021 22:17:25: Все проверки прошли успешно. Введеный каталог установки '/home/rapMoHuk/pc' соответствует требованиям.
Понедельник 18 января 2021 22:17:25: Пользователь 'rapMoHuk' ввел папку установки программы: '/home/rapMoHuk/pc'
Понедельник 18 января 2021 22:17:25: Папка с исполняемыми файлами: '/home/temp_user/pc/bin'
Понедельник 18 января 2021 22:17:25: Папка с документами: '/home/temp_user/pc/docs'
Понедельник 18 января 2021 22:17:25: Папка с временными файлами: '/home/temp_user/pc/temp'
Понедельник 18 января 2021 22:17:25: Папка с лог-файлами: '/home/temp_user/pc/log'
Понедельник 18 января 2021 22:17:25: Папка с файлами для обработки: '/home/temp_user/pc/task'
Понедельник 18 января 2021 22:17:25: Папка с файлами - хранилище результатов обработки: '/home/temp_user/pc/output'
Понедельник 18 января 2021 22:17:25: Начинаем вводить имя каталога установки.
Понедельник 18 января 2021 22:17:46: Введен каталог установки: '/usr/etc/pc'
Понедельник 18 января 2021 22:17:46: Начинаем проверку директории '/usr/etc/pc' на соответствие.
Понедельник 18 января 2021 22:17:46: Успешная проверка: '/usr/etc/pc' - это не существующая директория.
Понедельник 18 января 2021 22:17:46: Заканчиваем проверку директории '/usr/etc/pc' на соответствие.
Понедельник 18 января 2021 22:17:46: Начинаем проверку файла '/usr/etc/pc' на соответствие.
Понедельник 18 января 2021 22:17:46: Успешная проверка: '/usr/etc/pc' - это не существующий файл.
Понедельник 18 января 2021 22:17:46: Заканчиваем проверку файла '/usr/etc/pc' на соответствие.
Понедельник 18 января 2021 22:17:46: Все проверки прошли успешно. Введеный каталог установки '/usr/etc/pc' соответствует требованиям.
Понедельник 18 января 2021 22:17:46: Пользователь 'rapMoHuk' ввел папку установки сертификатов: '/usr/etc/pc'
Понедельник 18 января 2021 22:17:46: Начинаем подсчет файлов-сертификатов в директории '/usr/etc/pc'.
Понедельник 18 января 2021 22:17:46: Начинаем проверку директории '/usr/etc/pc' на соответствие.
Понедельник 18 января 2021 22:17:46: Успешная проверка: '/usr/etc/pc' - это не существующая директория.
Понедельник 18 января 2021 22:17:46: Заканчиваем проверку директории '/usr/etc/pc' на соответствие.
Понедельник 18 января 2021 22:17:46: Успешное выполнение: Найдено '0' файлов-сертификатов в директории.
Понедельник 18 января 2021 22:17:46: Подсчет файлов-сертификатов в директории '/usr/etc/pc' закончен.
Понедельник 18 января 2021 22:17:46: В папке установки сертификатов найдено '0' сертификатов.
Понедельник 18 января 2021 22:17:58: В папке установки сертификатов для введенных данных: user - 'mym', e-mail - 'mym@mail.us', phone - '+7-999-999-99-99' нет сертификата на текущий год. Формируем его.
Понедельник 18 января 2021 22:17:58: В текущей папке ищем конфигурационный файл 'install1.conf' для сертификата 'certificate1.lic'.
Понедельник 18 января 2021 22:17:58: В текущей папке не найден конфигурационный файл 'install1.conf' для сертификата 'certificate1.lic'.
Понедельник 18 января 2021 22:17:58: Записываем новый конфигурационный файл 'install1.conf' для сертификата 'certificate1.lic'.
Понедельник 18 января 2021 22:17:58: Заканчиваем настройку конфигурации установки программы.
