Понедельник 18 января 2021 23:43:50: Начинаем настройку конфигурации установки программы.
Понедельник 18 января 2021 23:43:50: Начинаем вводить имя пользователя.
Понедельник 18 января 2021 23:43:55: Пользователь rapMoHuk ввел корректное значение имени пользователя 'mym'.
Понедельник 18 января 2021 23:43:55: Закончили вводить имя пользователя.
Понедельник 18 января 2021 23:43:55: Начинаем вводить e-mail.
Понедельник 18 января 2021 23:44:03: Пользователь rapMoHuk ввел корректное значение e-mail 'mym@mail.us'.
Понедельник 18 января 2021 23:44:03: Закончили вводить e-mail.
Понедельник 18 января 2021 23:44:03: Начинаем вводить телефон.
Понедельник 18 января 2021 23:44:09: Пользователь rapMoHuk ввел корректное значение телефона '+7-999-999-99-99'.
Понедельник 18 января 2021 23:44:09: Закончили вводить телефон.
Понедельник 18 января 2021 23:44:13: Пользователь 'rapMoHuk' выбрал по умолчанию папку установки программы: '/home/rapMoHuk/.polynom_calculator'
Понедельник 18 января 2021 23:44:13: По умолчанию папка с исполняемыми файлами: '/home/rapMoHuk/.polynom_calculator/bin'
Понедельник 18 января 2021 23:44:13: По умолчанию папка с документами: '/home/rapMoHuk/.polynom_calculator/docs'
Понедельник 18 января 2021 23:44:13: По умолчанию папка с временными файлами: '/home/rapMoHuk/.polynom_calculator/temp'
Понедельник 18 января 2021 23:44:13: По умолчанию папка с лог-файлами: '/home/rapMoHuk/.polynom_calculator/log'
Понедельник 18 января 2021 23:44:13: По умолчанию папка с файлами для обработки: '/home/rapMoHuk/.polynom_calculator/task'
Понедельник 18 января 2021 23:44:13: По умолчанию папка с файлами - хранилище результатов обработки: '/home/rapMoHuk/.polynom_calculator/output'
Понедельник 18 января 2021 23:44:13: Пользователь 'rapMoHuk' выбрал по умолчанию папку с сертификатами: '/usr/etc/pc'
Понедельник 18 января 2021 23:44:13: Начинаем подсчет файлов-сертификатов в директории '/usr/etc/pc'.
Понедельник 18 января 2021 23:44:13: Успешное выполнение: Найдено '1' файлов-сертификатов в директории.
Понедельник 18 января 2021 23:44:13: Подсчет файлов-сертификатов в директории '/usr/etc/pc' закончен.
Понедельник 18 января 2021 23:44:13: В папке установки сертификатов '/usr/etc/pc' найдено '1' сертификатов.
Понедельник 18 января 2021 23:44:13: В папке установки сертификатов '/usr/etc/pc' для введенных данных: user - 'mym', e-mail - 'mym@mail.us', phone - '+7-999-999-99-99' есть сертификат на текущий год.
Понедельник 18 января 2021 23:44:13: В текущей папке ищем конфигурационный файл 'install1.conf' для сертификата '/usr/etc/pc//usr/etc/pc/certificate1.lic'.
Понедельник 18 января 2021 23:44:13: В текущей папке найден конфигурационный файл 'install1.conf' для сертификата '/usr/etc/pc//usr/etc/pc/certificate1.lic'.
Понедельник 18 января 2021 23:44:26: Конфигурационный файл 'install1.conf' для сертификата '/usr/etc/pc//usr/etc/pc/certificate1.lic' останется прежним.
Понедельник 18 января 2021 23:44:26: Настройка конфигурации установки программы закончена.
