Пятница 15 января 2021 01:07:37: Начинаем установку программы.
Пятница 15 января 2021 01:07:37: Проверяем наличие конфигурационного файла.
Пятница 15 января 2021 01:07:37: В конфигурационном файле считываем папку с сертификатом.
Пятница 15 января 2021 01:07:37: В конфигурационном файле считываем остальные установочные папки.
Пятница 15 января 2021 01:07:37: Начинаем вводить имя пользователя.
Пятница 15 января 2021 01:08:00: Пользователь rapMoHuk ввел корректное значение имени пользователя 'Mizgireva_Kristina_Yar'.
Пятница 15 января 2021 01:08:00: Закончили вводить имя пользователя.
Пятница 15 января 2021 01:08:00: Начинаем вводить e-mail.
Пятница 15 января 2021 01:08:07: Пользователь rapMoHuk ввел корректное значение E-mail 'mizgireva_kristina_2000@gmail.us.com'.
Пятница 15 января 2021 01:08:07: Закончили вводить e-mail.
Пятница 15 января 2021 01:08:07: Начинаем вводить телефон.
Пятница 15 января 2021 01:08:15: Пользователь rapMoHuk ввел корректное значение телефона '+7-111-333-55-77'.
Пятница 15 января 2021 01:08:15: Закончили вводить телефон.
Пятница 15 января 2021 01:08:15: В сертификате проверяем совпадение введенных пользователем rapMoHuk данных.
Пятница 15 января 2021 01:08:15: Поле '2021' присутствует в сертификате.
Пятница 15 января 2021 01:08:15: Поле 'Mizgireva_Kristina_Yar' присутствует в сертификате.
Пятница 15 января 2021 01:08:15: Поле 'mizgireva_kristina_2000@gmail.us.com' присутствует в сертификате.
Пятница 15 января 2021 01:08:15: Поле '+7-111-333-55-77' присутствует в сертификате.
Пятница 15 января 2021 01:08:15: Создаем установочные папки указанные в конфигурационном файле.
Пятница 15 января 2021 01:08:26: Разносим файлы по созданным папкам.
Пятница 15 января 2021 01:08:26: Установка завершена успешно.
